  Camera.cpp
  Mesh.cpp
  Model3D.cpp
  Shader.cpp
  Window.cpp
  main.cpp
D:\VisualStudio\Project\Project\main.cpp(358,36): warning C4244: '=': conversion from 'double' to 'float', possible loss of data
D:\VisualStudio\Project\Project\main.cpp(392,36): warning C4244: '=': conversion from 'double' to 'float', possible loss of data
D:\VisualStudio\Project\Project\main.cpp(422,36): warning C4244: '=': conversion from 'double' to 'float', possible loss of data
D:\VisualStudio\Project\Project\main.cpp(450,36): warning C4244: '=': conversion from 'double' to 'float', possible loss of data
D:\VisualStudio\Project\Project\main.cpp(539,36): warning C4244: '=': conversion from 'double' to 'float', possible loss of data
D:\VisualStudio\Project\Project\main.cpp(565,17): warning C4244: '=': conversion from 'double' to 'float', possible loss of data
D:\VisualStudio\Project\Project\main.cpp(566,17): warning C4244: '=': conversion from 'double' to 'float', possible loss of data
D:\VisualStudio\Project\Project\main.cpp(570,19): warning C4244: 'initializing': conversion from 'double' to 'float', possible loss of data
D:\VisualStudio\Project\Project\main.cpp(571,19): warning C4244: 'initializing': conversion from 'double' to 'float', possible loss of data
D:\VisualStudio\Project\Project\main.cpp(572,13): warning C4244: '=': conversion from 'double' to 'float', possible loss of data
D:\VisualStudio\Project\Project\main.cpp(573,13): warning C4244: '=': conversion from 'double' to 'float', possible loss of data
D:\VisualStudio\Project\Project\main.cpp(732,41): warning C4267: '=': conversion from 'size_t' to 'int', possible loss of data
  stb_image.cpp
  tiny_obj_loader.cpp
  Generating Code...
  Project.vcxproj -> D:\VisualStudio\Project\x64\Debug\Project.exe
